#
# There is insufficient memory for the Java Runtime Environment to continue.
# Native memory allocation (malloc) failed to allocate 61936 bytes for Chunk::new
# Possible reasons:
#   The system is out of physical RAM or swap space
#   In 32 bit mode, the process size limit was hit
# Possible solutions:
#   Reduce memory load on the system
#   Increase physical memory or swap space
#   Check if swap backing store is full
#   Use 64 bit Java on a 64 bit OS
#   Decrease Java heap size (-Xmx/-Xms)
#   Decrease number of Java threads
#   Decrease Java thread stack sizes (-Xss)
#   Set larger code cache with -XX:ReservedCodeCacheSize=
# This output file may be truncated or incomplete.
#
#  Out of Memory Error (allocation.cpp:323), pid=15240, tid=14212
#
# JRE version: Java(TM) SE Runtime Environment (7.0_51-b13) (build 1.7.0_51-b13)
# Java VM: Java HotSpot(TM) 64-Bit Server VM (24.51-b03 mixed mode windows-amd64 compressed oops)
# Failed to write core dump. Minidumps are not enabled by default on client versions of Windows
#

---------------  T H R E A D  ---------------

Current thread (0x00000000085aa800):  JavaThread "C2 CompilerThread1" daemon [_thread_in_native, id=14212, stack(0x0000000009ff0000,0x000000000a0f0000)]

Stack: [0x0000000009ff0000,0x000000000a0f0000]

Current CompileTask:
C2:   1040   21             java.lang.String::toLowerCase (472 bytes)


---------------  P R O C E S S  ---------------

Java Threads: ( => current thread )
  0x00000000085ab000 JavaThread "Service Thread" daemon [_thread_blocked, id=2200, stack(0x0000000009e70000,0x0000000009f70000)]
=>0x00000000085aa800 JavaThread "C2 CompilerThread1" daemon [_thread_in_native, id=14212, stack(0x0000000009ff0000,0x000000000a0f0000)]
  0x00000000085a0800 JavaThread "C2 CompilerThread0" daemon [_thread_in_native, id=9704, stack(0x0000000009d30000,0x0000000009e30000)]
  0x000000000859e000 JavaThread "Attach Listener" daemon [_thread_blocked, id=16328, stack(0x0000000009b70000,0x0000000009c70000)]
  0x0000000008596800 JavaThread "Signal Dispatcher" daemon [_thread_blocked, id=5192, stack(0x0000000009990000,0x0000000009a90000)]
  0x0000000008546000 JavaThread "Finalizer" daemon [_thread_blocked, id=9528, stack(0x0000000009840000,0x0000000009940000)]
  0x000000000853d000 JavaThread "Reference Handler" daemon [_thread_blocked, id=15120, stack(0x0000000009690000,0x0000000009790000)]
  0x0000000001fff000 JavaThread "main" [_thread_in_Java, id=5340, stack(0x0000000002580000,0x0000000002680000)]

Other Threads:
  0x0000000008536800 VMThread [stack: 0x0000000009580000,0x0000000009680000] [id=7400]
  0x00000000085b4000 WatcherThread [stack: 0x000000000a1c0000,0x000000000a2c0000] [id=6568]

VM state:not at safepoint (normal execution)

VM Mutex/Monitor currently owned by a thread: None

Heap
 PSYoungGen      total 3584K, used 2691K [0x00000000eb200000, 0x00000000eb600000, 0x0000000100000000)
  eden space 3072K, 71% used [0x00000000eb200000,0x00000000eb428d48,0x00000000eb500000)
  from space 512K, 93% used [0x00000000eb580000,0x00000000eb5f8010,0x00000000eb600000)
  to   space 512K, 0% used [0x00000000eb500000,0x00000000eb500000,0x00000000eb580000)
 ParOldGen       total 5632K, used 516K [0x00000000c1600000, 0x00000000c1b80000, 0x00000000eb200000)
  object space 5632K, 9% used [0x00000000c1600000,0x00000000c1681040,0x00000000c1b80000)
 PSPermGen       total 21504K, used 5879K [0x00000000bc400000, 0x00000000bd900000, 0x00000000c1600000)
  object space 21504K, 27% used [0x00000000bc400000,0x00000000bc9bdd00,0x00000000bd900000)

Card table byte_map: [0x0000000005680000,0x00000000058a0000] byte_map_base: 0x000000000509e000

Polling page: 0x0000000000230000

Code Cache  [0x0000000002680000, 0x00000000028f0000, 0x0000000005680000)
 total_blobs=234 nmethods=20 adapters=167 free_code_cache=48725Kb largest_free_block=49880320

Compilation events (10 events):
Event: 0.978 Thread 0x00000000085a0800 nmethod 16 0x00000000026eb010 code [0x00000000026eb160, 0x00000000026eb398]
Event: 1.002 Thread 0x00000000085aa800   17             java.lang.CharacterData::of (120 bytes)
Event: 1.002 Thread 0x00000000085a0800   18             java.lang.CharacterDataLatin1::getProperties (11 bytes)
Event: 1.003 Thread 0x00000000085a0800 nmethod 18 0x00000000026e6d10 code [0x00000000026e6e40, 0x00000000026e6eb8]
Event: 1.003 Thread 0x00000000085aa800 nmethod 17 0x00000000026ead10 code [0x00000000026eae60, 0x00000000026eaf18]
Event: 1.005 Thread 0x00000000085a0800   19             java.lang.Character::toLowerCase (9 bytes)
Event: 1.005 Thread 0x00000000085aa800   20             java.lang.CharacterDataLatin1::toLowerCase (39 bytes)
Event: 1.007 Thread 0x00000000085aa800 nmethod 20 0x00000000026eaa90 code [0x00000000026eabc0, 0x00000000026eac78]
Event: 1.008 Thread 0x00000000085a0800 nmethod 19 0x00000000026ea650 code [0x00000000026ea7a0, 0x00000000026ea8d8]
Event: 1.015 Thread 0x00000000085aa800   21             java.lang.String::toLowerCase (472 bytes)

GC Heap History (4 events):
Event: 0.602 GC heap before
{Heap before GC invocations=1 (full 0):
 PSYoungGen      total 3584K, used 3072K [0x00000000eb200000, 0x00000000eb600000, 0x0000000100000000)
  eden space 3072K, 100% used [0x00000000eb200000,0x00000000eb500000,0x00000000eb500000)
  from space 512K, 0% used [0x00000000eb580000,0x00000000eb580000,0x00000000eb600000)
  to   space 512K, 0% used [0x00000000eb500000,0x00000000eb500000,0x00000000eb580000)
 ParOldGen       total 5632K, used 0K [0x00000000c1600000, 0x00000000c1b80000, 0x00000000eb200000)
  object space 5632K, 0% used [0x00000000c1600000,0x00000000c1600000,0x00000000c1b80000)
 PSPermGen       total 21504K, used 3772K [0x00000000bc400000, 0x00000000bd900000, 0x00000000c1600000)
  object space 21504K, 17% used [0x00000000bc400000,0x00000000bc7af0c8,0x00000000bd900000)
Event: 0.607 GC heap after
Heap after GC invocations=1 (full 0):
 PSYoungGen      total 3584K, used 496K [0x00000000eb200000, 0x00000000eb600000, 0x0000000100000000)
  eden space 3072K, 0% used [0x00000000eb200000,0x00000000eb200000,0x00000000eb500000)
  from space 512K, 96% used [0x00000000eb500000,0x00000000eb57c020,0x00000000eb580000)
  to   space 512K, 0% used [0x00000000eb580000,0x00000000eb580000,0x00000000eb600000)
 ParOldGen       total 5632K, used 264K [0x00000000c1600000, 0x00000000c1b80000, 0x00000000eb200000)
  object space 5632K, 4% used [0x00000000c1600000,0x00000000c1642010,0x00000000c1b80000)
 PSPermGen       total 21504K, used 3772K [0x00000000bc400000, 0x00000000bd900000, 0x00000000c1600000)
  object space 21504K, 17% used [0x00000000bc400000,0x00000000bc7af0c8,0x00000000bd900000)
}
Event: 0.851 